\BOOKMARK [0][-]{chapter.1}{\376\377\0001\000\040\000P\000I\000C\0003\0002\000M\000K\000\040\000S\000o\000f\000t\000w\000a\000r\000e\000\040\000f\000o\000r\000\040\000D\000a\000s\000h\000L\000o\000g\000g\000e\000r\000\040\000D\000i\000s\000p\000l\000a\000y}{}% 1
\BOOKMARK [0][-]{chapter.2}{\376\377\0002\000\040\000T\000o\000d\000o\000\040\000L\000i\000s\000t}{}% 2
\BOOKMARK [0][-]{chapter.3}{\376\377\0003\000\040\000B\000u\000g\000\040\000L\000i\000s\000t}{}% 3
\BOOKMARK [0][-]{chapter.4}{\376\377\0004\000\040\000M\000o\000d\000u\000l\000e\000\040\000I\000n\000d\000e\000x}{}% 4
\BOOKMARK [1][-]{section.4.1}{\376\377\0004\000.\0001\000\040\000M\000o\000d\000u\000l\000e\000s}{chapter.4}% 5
\BOOKMARK [0][-]{chapter.5}{\376\377\0005\000\040\000D\000a\000t\000a\000\040\000S\000t\000r\000u\000c\000t\000u\000r\000e\000\040\000I\000n\000d\000e\000x}{}% 6
\BOOKMARK [1][-]{section.5.1}{\376\377\0005\000.\0001\000\040\000D\000a\000t\000a\000\040\000S\000t\000r\000u\000c\000t\000u\000r\000e\000s}{chapter.5}% 7
\BOOKMARK [0][-]{chapter.6}{\376\377\0006\000\040\000F\000i\000l\000e\000\040\000I\000n\000d\000e\000x}{}% 8
\BOOKMARK [1][-]{section.6.1}{\376\377\0006\000.\0001\000\040\000F\000i\000l\000e\000\040\000L\000i\000s\000t}{chapter.6}% 9
\BOOKMARK [0][-]{chapter.7}{\376\377\0007\000\040\000M\000o\000d\000u\000l\000e\000\040\000D\000o\000c\000u\000m\000e\000n\000t\000a\000t\000i\000o\000n}{}% 10
\BOOKMARK [1][-]{section.7.1}{\376\377\0007\000.\0001\000\040\000C\000A\000N\000C\000O\000M\000M}{chapter.7}% 11
\BOOKMARK [2][-]{subsection.7.1.1}{\376\377\0007\000.\0001\000.\0001\000\040\000D\000e\000t\000a\000i\000l\000e\000d\000\040\000D\000e\000s\000c\000r\000i\000p\000t\000i\000o\000n}{section.7.1}% 12
\BOOKMARK [2][-]{subsection.7.1.2}{\376\377\0007\000.\0001\000.\0002\000\040\000M\000a\000c\000r\000o\000\040\000D\000e\000f\000i\000n\000i\000t\000i\000o\000n\000\040\000D\000o\000c\000u\000m\000e\000n\000t\000a\000t\000i\000o\000n}{section.7.1}% 13
\BOOKMARK [3][-]{subsubsection.7.1.2.1}{\376\377\0007\000.\0001\000.\0002\000.\0001\000\040\000C\000A\000N\000C\000O\000M\000M\000\137\000M\000A\000X\000I\000M\000U\000M\000\137\000D\000A\000T\000A\000\137\000L\000E\000N\000G\000T\000H}{subsection.7.1.2}% 14
\BOOKMARK [3][-]{subsubsection.7.1.2.2}{\376\377\0007\000.\0001\000.\0002\000.\0002\000\040\000C\000A\000N\000C\000O\000M\000M\000\137\000M\000A\000X\000I\000M\000U\000M\000\137\000N\000A\000M\000E\000\137\000L\000E\000N\000G\000T\000H}{subsection.7.1.2}% 15
\BOOKMARK [2][-]{subsection.7.1.3}{\376\377\0007\000.\0001\000.\0003\000\040\000F\000u\000n\000c\000t\000i\000o\000n\000\040\000D\000o\000c\000u\000m\000e\000n\000t\000a\000t\000i\000o\000n}{section.7.1}% 16
\BOOKMARK [3][-]{subsubsection.7.1.3.1}{\376\377\0007\000.\0001\000.\0003\000.\0001\000\040\000C\000A\000N\000C\000O\000M\000M\000\137\000R\000e\000a\000d\000M\000e\000s\000s\000a\000g\000e\000s\000\050\000\051}{subsection.7.1.3}% 17
\BOOKMARK [1][-]{section.7.2}{\376\377\0007\000.\0002\000\040\000C\000O\000M\000M\000A\000N\000D}{chapter.7}% 18
\BOOKMARK [2][-]{subsection.7.2.1}{\376\377\0007\000.\0002\000.\0001\000\040\000D\000e\000t\000a\000i\000l\000e\000d\000\040\000D\000e\000s\000c\000r\000i\000p\000t\000i\000o\000n}{section.7.2}% 19
\BOOKMARK [2][-]{subsection.7.2.2}{\376\377\0007\000.\0002\000.\0002\000\040\000F\000u\000n\000c\000t\000i\000o\000n\000\040\000D\000o\000c\000u\000m\000e\000n\000t\000a\000t\000i\000o\000n}{section.7.2}% 20
\BOOKMARK [3][-]{subsubsection.7.2.2.1}{\376\377\0007\000.\0002\000.\0002\000.\0001\000\040\000C\000O\000M\000M\000A\000N\000D\000\137\000G\000e\000n\000e\000r\000a\000t\000e\000\050\000\051}{subsection.7.2.2}% 21
\BOOKMARK [1][-]{section.7.3}{\376\377\0007\000.\0003\000\040\000C\000O\000N\000V}{chapter.7}% 22
\BOOKMARK [2][-]{subsection.7.3.1}{\376\377\0007\000.\0003\000.\0001\000\040\000D\000e\000t\000a\000i\000l\000e\000d\000\040\000D\000e\000s\000c\000r\000i\000p\000t\000i\000o\000n}{section.7.3}% 23
\BOOKMARK [2][-]{subsection.7.3.2}{\376\377\0007\000.\0003\000.\0002\000\040\000F\000u\000n\000c\000t\000i\000o\000n\000\040\000D\000o\000c\000u\000m\000e\000n\000t\000a\000t\000i\000o\000n}{section.7.3}% 24
\BOOKMARK [3][-]{subsubsection.7.3.2.1}{\376\377\0007\000.\0003\000.\0002\000.\0001\000\040\000C\000O\000N\000V\000\137\000B\000e\000s\000t\000L\000a\000p\000T\000i\000m\000e\000\050\000\051}{subsection.7.3.2}% 25
\BOOKMARK [3][-]{subsubsection.7.3.2.2}{\376\377\0007\000.\0003\000.\0002\000.\0002\000\040\000C\000O\000N\000V\000\137\000D\000I\000S\000P\000\137\000F\000S\000G\000\137\000A\000M\000I\000\137\000S\000t\000a\000t\000e\000\050\000\051}{subsection.7.3.2}% 26
\BOOKMARK [3][-]{subsubsection.7.3.2.3}{\376\377\0007\000.\0003\000.\0002\000.\0003\000\040\000C\000O\000N\000V\000\137\000D\000I\000S\000P\000\137\000I\000n\000v\000e\000r\000t\000e\000r\000T\000e\000m\000p\000\050\000\051}{subsection.7.3.2}% 27
\BOOKMARK [3][-]{subsubsection.7.3.2.4}{\376\377\0007\000.\0003\000.\0002\000.\0004\000\040\000C\000O\000N\000V\000\137\000D\000I\000S\000P\000\137\000L\000a\000p\000D\000e\000l\000t\000a\000\050\000\051}{subsection.7.3.2}% 28
\BOOKMARK [3][-]{subsubsection.7.3.2.5}{\376\377\0007\000.\0003\000.\0002\000.\0005\000\040\000C\000O\000N\000V\000\137\000D\000I\000S\000P\000\137\000L\000a\000p\000T\000i\000m\000e\000\050\000\051}{subsection.7.3.2}% 29
\BOOKMARK [3][-]{subsubsection.7.3.2.6}{\376\377\0007\000.\0003\000.\0002\000.\0006\000\040\000C\000O\000N\000V\000\137\000D\000I\000S\000P\000\137\000L\000a\000s\000t\000L\000a\000p\000T\000i\000m\000e\000\050\000\051}{subsection.7.3.2}% 30
\BOOKMARK [3][-]{subsubsection.7.3.2.7}{\376\377\0007\000.\0003\000.\0002\000.\0007\000\040\000C\000O\000N\000V\000\137\000D\000I\000S\000P\000\137\000M\000a\000x\000B\000a\000t\000T\000e\000m\000p\000\050\000\051}{subsection.7.3.2}% 31
\BOOKMARK [3][-]{subsubsection.7.3.2.8}{\376\377\0007\000.\0003\000.\0002\000.\0008\000\040\000C\000O\000N\000V\000\137\000D\000I\000S\000P\000\137\000M\000i\000n\000V\000o\000l\000t\000a\000g\000e\000\050\000\051}{subsection.7.3.2}% 32
\BOOKMARK [3][-]{subsubsection.7.3.2.9}{\376\377\0007\000.\0003\000.\0002\000.\0009\000\040\000C\000O\000N\000V\000\137\000D\000I\000S\000P\000\137\000M\000o\000t\000o\000r\000\137\000T\000e\000m\000p\000\050\000\051}{subsection.7.3.2}% 33
\BOOKMARK [3][-]{subsubsection.7.3.2.10}{\376\377\0007\000.\0003\000.\0002\000.\0001\0000\000\040\000C\000O\000N\000V\000\137\000f\000i\000n\000d\000\137\000s\000t\000r\000i\000n\000g\000\137\000l\000e\000n\000g\000t\000h\000\050\000\051}{subsection.7.3.2}% 34
\BOOKMARK [3][-]{subsubsection.7.3.2.11}{\376\377\0007\000.\0003\000.\0002\000.\0001\0001\000\040\000C\000O\000N\000V\000\137\000F\000S\000G\000\137\000A\000M\000I\000\137\000s\000t\000a\000t\000e\000\050\000\051}{subsection.7.3.2}% 35
\BOOKMARK [3][-]{subsubsection.7.3.2.12}{\376\377\0007\000.\0003\000.\0002\000.\0001\0002\000\040\000C\000O\000N\000V\000\137\000I\000n\000v\000e\000r\000t\000e\000r\000T\000e\000m\000p\000\137\000F\000L\000\050\000\051}{subsection.7.3.2}% 36
\BOOKMARK [3][-]{subsubsection.7.3.2.13}{\376\377\0007\000.\0003\000.\0002\000.\0001\0003\000\040\000C\000O\000N\000V\000\137\000I\000n\000v\000e\000r\000t\000e\000r\000T\000e\000m\000p\000\137\000F\000R\000\050\000\051}{subsection.7.3.2}% 37
\BOOKMARK [3][-]{subsubsection.7.3.2.14}{\376\377\0007\000.\0003\000.\0002\000.\0001\0004\000\040\000C\000O\000N\000V\000\137\000I\000n\000v\000e\000r\000t\000e\000r\000T\000e\000m\000p\000\137\000R\000L\000\050\000\051}{subsection.7.3.2}% 38
\BOOKMARK [3][-]{subsubsection.7.3.2.15}{\376\377\0007\000.\0003\000.\0002\000.\0001\0005\000\040\000C\000O\000N\000V\000\137\000I\000n\000v\000e\000r\000t\000e\000r\000T\000e\000m\000p\000\137\000R\000R\000\050\000\051}{subsection.7.3.2}% 39
\BOOKMARK [3][-]{subsubsection.7.3.2.16}{\376\377\0007\000.\0003\000.\0002\000.\0001\0006\000\040\000C\000O\000N\000V\000\137\000L\000a\000p\000T\000i\000m\000e\000\050\000\051}{subsection.7.3.2}% 40
\BOOKMARK [3][-]{subsubsection.7.3.2.17}{\376\377\0007\000.\0003\000.\0002\000.\0001\0007\000\040\000C\000O\000N\000V\000\137\000L\000a\000s\000t\000L\000a\000p\000T\000i\000m\000e\000\050\000\051}{subsection.7.3.2}% 41
\BOOKMARK [3][-]{subsubsection.7.3.2.18}{\376\377\0007\000.\0003\000.\0002\000.\0001\0008\000\040\000C\000O\000N\000V\000\137\000m\000a\000x\000\050\000\051}{subsection.7.3.2}% 42
\BOOKMARK [3][-]{subsubsection.7.3.2.19}{\376\377\0007\000.\0003\000.\0002\000.\0001\0009\000\040\000C\000O\000N\000V\000\137\000M\000a\000x\000B\000a\000t\000T\000e\000m\000p\000\050\000\051}{subsection.7.3.2}% 43
\BOOKMARK [3][-]{subsubsection.7.3.2.20}{\376\377\0007\000.\0003\000.\0002\000.\0002\0000\000\040\000C\000O\000N\000V\000\137\000M\000a\000x\000I\000n\000v\000e\000r\000t\000e\000r\000T\000e\000m\000p\000\050\000\051}{subsection.7.3.2}% 44
\BOOKMARK [3][-]{subsubsection.7.3.2.21}{\376\377\0007\000.\0003\000.\0002\000.\0002\0001\000\040\000C\000O\000N\000V\000\137\000M\000a\000x\000M\000o\000t\000o\000r\000T\000e\000m\000p\000\050\000\051}{subsection.7.3.2}% 45
\BOOKMARK [3][-]{subsubsection.7.3.2.22}{\376\377\0007\000.\0003\000.\0002\000.\0002\0002\000\040\000C\000O\000N\000V\000\137\000m\000i\000n\000\050\000\051}{subsection.7.3.2}% 46
\BOOKMARK [3][-]{subsubsection.7.3.2.23}{\376\377\0007\000.\0003\000.\0002\000.\0002\0003\000\040\000C\000O\000N\000V\000\137\000M\000i\000n\000B\000a\000t\000V\000o\000l\000t\000a\000g\000e\000\050\000\051}{subsection.7.3.2}% 47
\BOOKMARK [3][-]{subsubsection.7.3.2.24}{\376\377\0007\000.\0003\000.\0002\000.\0002\0004\000\040\000C\000O\000N\000V\000\137\000M\000o\000t\000o\000r\000T\000e\000m\000p\000\137\000F\000L\000\050\000\051}{subsection.7.3.2}% 48
\BOOKMARK [3][-]{subsubsection.7.3.2.25}{\376\377\0007\000.\0003\000.\0002\000.\0002\0005\000\040\000C\000O\000N\000V\000\137\000M\000o\000t\000o\000r\000T\000e\000m\000p\000\137\000F\000R\000\050\000\051}{subsection.7.3.2}% 49
\BOOKMARK [3][-]{subsubsection.7.3.2.26}{\376\377\0007\000.\0003\000.\0002\000.\0002\0006\000\040\000C\000O\000N\000V\000\137\000M\000o\000t\000o\000r\000T\000e\000m\000p\000\137\000R\000L\000\050\000\051}{subsection.7.3.2}% 50
\BOOKMARK [3][-]{subsubsection.7.3.2.27}{\376\377\0007\000.\0003\000.\0002\000.\0002\0007\000\040\000C\000O\000N\000V\000\137\000M\000o\000t\000o\000r\000T\000e\000m\000p\000\137\000R\000R\000\050\000\051}{subsection.7.3.2}% 51
\BOOKMARK [1][-]{section.7.4}{\376\377\0007\000.\0004\000\040\000D\000E\000L\000A\000Y}{chapter.7}% 52
\BOOKMARK [2][-]{subsection.7.4.1}{\376\377\0007\000.\0004\000.\0001\000\040\000D\000e\000t\000a\000i\000l\000e\000d\000\040\000D\000e\000s\000c\000r\000i\000p\000t\000i\000o\000n}{section.7.4}% 53
\BOOKMARK [2][-]{subsection.7.4.2}{\376\377\0007\000.\0004\000.\0002\000\040\000M\000a\000c\000r\000o\000\040\000D\000e\000f\000i\000n\000i\000t\000i\000o\000n\000\040\000D\000o\000c\000u\000m\000e\000n\000t\000a\000t\000i\000o\000n}{section.7.4}% 54
\BOOKMARK [3][-]{subsubsection.7.4.2.1}{\376\377\0007\000.\0004\000.\0002\000.\0001\000\040\000C\000L\000O\000C\000K\000\137\000F\000R\000E\000Q\000U\000E\000N\000C\000Y\000\137\000C\000O\000R\000E}{subsection.7.4.2}% 55
\BOOKMARK [3][-]{subsubsection.7.4.2.2}{\376\377\0007\000.\0004\000.\0002\000.\0002\000\040\000M\000I\000C\000R\000O\000S\000E\000C\000O\000N\000D\000S\000\137\000I\000N\000\137\000S\000E\000C\000O\000N\000D}{subsection.7.4.2}% 56
\BOOKMARK [3][-]{subsubsection.7.4.2.3}{\376\377\0007\000.\0004\000.\0002\000.\0003\000\040\000M\000I\000L\000L\000I\000S\000E\000C\000O\000N\000D\000S\000\137\000I\000N\000\137\000S\000E\000C\000O\000N\000D}{subsection.7.4.2}% 57
\BOOKMARK [3][-]{subsubsection.7.4.2.4}{\376\377\0007\000.\0004\000.\0002\000.\0004\000\040\000T\000W\000O\000\137\000S\000T\000E\000P\000S\000\137\000D\000E\000L\000A\000Y\000\137\000A\000D\000J}{subsection.7.4.2}% 58
\BOOKMARK [2][-]{subsection.7.4.3}{\376\377\0007\000.\0004\000.\0003\000\040\000F\000u\000n\000c\000t\000i\000o\000n\000\040\000D\000o\000c\000u\000m\000e\000n\000t\000a\000t\000i\000o\000n}{section.7.4}% 59
\BOOKMARK [3][-]{subsubsection.7.4.3.1}{\376\377\0007\000.\0004\000.\0003\000.\0001\000\040\000D\000E\000L\000A\000Y\000\137\000M\000i\000c\000r\000o\000s\000e\000c\000o\000n\000d\000s\000\050\000\051}{subsection.7.4.3}% 60
\BOOKMARK [3][-]{subsubsection.7.4.3.2}{\376\377\0007\000.\0004\000.\0003\000.\0002\000\040\000D\000E\000L\000A\000Y\000\137\000M\000i\000l\000l\000i\000s\000e\000c\000o\000n\000d\000s\000\050\000\051}{subsection.7.4.3}% 61
\BOOKMARK [1][-]{section.7.5}{\376\377\0007\000.\0005\000\040\000S\000H\000O\000R\000T\000P\000R\000O\000T\000O\000C\000O\000L}{chapter.7}% 62
\BOOKMARK [2][-]{subsection.7.5.1}{\376\377\0007\000.\0005\000.\0001\000\040\000D\000e\000t\000a\000i\000l\000e\000d\000\040\000D\000e\000s\000c\000r\000i\000p\000t\000i\000o\000n}{section.7.5}% 63
\BOOKMARK [2][-]{subsection.7.5.2}{\376\377\0007\000.\0005\000.\0002\000\040\000M\000a\000c\000r\000o\000\040\000D\000e\000f\000i\000n\000i\000t\000i\000o\000n\000\040\000D\000o\000c\000u\000m\000e\000n\000t\000a\000t\000i\000o\000n}{section.7.5}% 64
\BOOKMARK [3][-]{subsubsection.7.5.2.1}{\376\377\0007\000.\0005\000.\0002\000.\0001\000\040\000S\000H\000O\000R\000T\000P\000R\000O\000T\000O\000C\000O\000L\000\137\000B\000E\000G\000I\000N}{subsection.7.5.2}% 65
\BOOKMARK [3][-]{subsubsection.7.5.2.2}{\376\377\0007\000.\0005\000.\0002\000.\0002\000\040\000S\000H\000O\000R\000T\000P\000R\000O\000T\000O\000C\000O\000L\000\137\000B\000E\000G\000I\000N\000\137\000O\000F\000F\000S\000E\000T}{subsection.7.5.2}% 66
\BOOKMARK [3][-]{subsubsection.7.5.2.3}{\376\377\0007\000.\0005\000.\0002\000.\0003\000\040\000S\000H\000O\000R\000T\000P\000R\000O\000T\000O\000C\000O\000L\000\137\000B\000Y\000T\000E\000\137\000L\000E\000N\000G\000T\000H}{subsection.7.5.2}% 67
\BOOKMARK [3][-]{subsubsection.7.5.2.4}{\376\377\0007\000.\0005\000.\0002\000.\0004\000\040\000S\000H\000O\000R\000T\000P\000R\000O\000T\000O\000C\000O\000L\000\137\000C\000O\000M\000M\000A\000N\000D\000\137\000O\000F\000F\000S\000E\000T}{subsection.7.5.2}% 68
\BOOKMARK [3][-]{subsubsection.7.5.2.5}{\376\377\0007\000.\0005\000.\0002\000.\0005\000\040\000S\000H\000O\000R\000T\000P\000R\000O\000T\000O\000C\000O\000L\000\137\000C\000R\000C\000\137\000L\000S\000B\000\137\000O\000F\000F\000S\000E\000T}{subsection.7.5.2}% 69
\BOOKMARK [3][-]{subsubsection.7.5.2.6}{\376\377\0007\000.\0005\000.\0002\000.\0006\000\040\000S\000H\000O\000R\000T\000P\000R\000O\000T\000O\000C\000O\000L\000\137\000C\000R\000C\000\137\000M\000S\000B\000\137\000O\000F\000F\000S\000E\000T}{subsection.7.5.2}% 70
\BOOKMARK [3][-]{subsubsection.7.5.2.7}{\376\377\0007\000.\0005\000.\0002\000.\0007\000\040\000S\000H\000O\000R\000T\000P\000R\000O\000T\000O\000C\000O\000L\000\137\000F\000I\000R\000S\000T\000\137\000B\000Y\000T\000E\000\137\000M\000A\000S\000K}{subsection.7.5.2}% 71
\BOOKMARK [3][-]{subsubsection.7.5.2.8}{\376\377\0007\000.\0005\000.\0002\000.\0008\000\040\000S\000H\000O\000R\000T\000P\000R\000O\000T\000O\000C\000O\000L\000\137\000L\000E\000N\000G\000T\000H\000\137\000L\000S\000B\000\137\000O\000F\000F\000S\000E\000T}{subsection.7.5.2}% 72
\BOOKMARK [3][-]{subsubsection.7.5.2.9}{\376\377\0007\000.\0005\000.\0002\000.\0009\000\040\000S\000H\000O\000R\000T\000P\000R\000O\000T\000O\000C\000O\000L\000\137\000L\000E\000N\000G\000T\000H\000\137\000M\000S\000B\000\137\000O\000F\000F\000S\000E\000T}{subsection.7.5.2}% 73
\BOOKMARK [3][-]{subsubsection.7.5.2.10}{\376\377\0007\000.\0005\000.\0002\000.\0001\0000\000\040\000S\000H\000O\000R\000T\000P\000R\000O\000T\000O\000C\000O\000L\000\137\000M\000A\000X\000I\000M\000U\000M\000\137\000C\000O\000M\000M\000A\000N\000D\000\137\000L\000E\000N\000G\000T\000H}{subsection.7.5.2}% 74
\BOOKMARK [3][-]{subsubsection.7.5.2.11}{\376\377\0007\000.\0005\000.\0002\000.\0001\0001\000\040\000S\000H\000O\000R\000T\000P\000R\000O\000T\000O\000C\000O\000L\000\137\000O\000V\000E\000R\000H\000E\000A\000D\000\137\000B\000Y\000T\000E\000S}{subsection.7.5.2}% 75
\BOOKMARK [3][-]{subsubsection.7.5.2.12}{\376\377\0007\000.\0005\000.\0002\000.\0001\0002\000\040\000S\000H\000O\000R\000T\000P\000R\000O\000T\000O\000C\000O\000L\000\137\000O\000V\000E\000R\000H\000E\000A\000D\000\137\000W\000I\000T\000H\000O\000U\000T\000\137\000C\000R\000C\000\137\000B\000Y\000T\000E\000S}{subsection.7.5.2}% 76
\BOOKMARK [3][-]{subsubsection.7.5.2.13}{\376\377\0007\000.\0005\000.\0002\000.\0001\0003\000\040\000S\000H\000O\000R\000T\000P\000R\000O\000T\000O\000C\000O\000L\000\137\000S\000E\000C\000O\000N\000D\000\137\000B\000Y\000T\000E\000\137\000M\000A\000S\000K}{subsection.7.5.2}% 77
\BOOKMARK [2][-]{subsection.7.5.3}{\376\377\0007\000.\0005\000.\0003\000\040\000E\000n\000u\000m\000e\000r\000a\000t\000i\000o\000n\000\040\000T\000y\000p\000e\000\040\000D\000o\000c\000u\000m\000e\000n\000t\000a\000t\000i\000o\000n}{section.7.5}% 78
\BOOKMARK [3][-]{subsubsection.7.5.3.1}{\376\377\0007\000.\0005\000.\0003\000.\0001\000\040\000S\000H\000O\000R\000T\000P\000R\000O\000T\000O\000C\000O\000L\000\137\000s\000t\000a\000t\000u\000s}{subsection.7.5.3}% 79
\BOOKMARK [2][-]{subsection.7.5.4}{\376\377\0007\000.\0005\000.\0004\000\040\000F\000u\000n\000c\000t\000i\000o\000n\000\040\000D\000o\000c\000u\000m\000e\000n\000t\000a\000t\000i\000o\000n}{section.7.5}% 80
\BOOKMARK [3][-]{subsubsection.7.5.4.1}{\376\377\0007\000.\0005\000.\0004\000.\0001\000\040\000S\000H\000O\000R\000T\000P\000R\000O\000T\000O\000C\000O\000L\000\137\000A\000v\000a\000i\000l\000a\000b\000l\000e\000\050\000\051}{subsection.7.5.4}% 81
\BOOKMARK [3][-]{subsubsection.7.5.4.2}{\376\377\0007\000.\0005\000.\0004\000.\0002\000\040\000S\000H\000O\000R\000T\000P\000R\000O\000T\000O\000C\000O\000L\000\137\000I\000n\000i\000t\000i\000a\000l\000i\000z\000e\000\050\000\051}{subsection.7.5.4}% 82
\BOOKMARK [3][-]{subsubsection.7.5.4.3}{\376\377\0007\000.\0005\000.\0004\000.\0003\000\040\000S\000H\000O\000R\000T\000P\000R\000O\000T\000O\000C\000O\000L\000\137\000S\000e\000n\000d\000\050\000\051}{subsection.7.5.4}% 83
\BOOKMARK [3][-]{subsubsection.7.5.4.4}{\376\377\0007\000.\0005\000.\0004\000.\0004\000\040\000S\000H\000O\000R\000T\000P\000R\000O\000T\000O\000C\000O\000L\000\137\000U\000p\000d\000a\000t\000e\000\050\000\051}{subsection.7.5.4}% 84
\BOOKMARK [1][-]{section.7.6}{\376\377\0007\000.\0006\000\040\000S\000I\000G\000N\000A\000L\000S}{chapter.7}% 85
\BOOKMARK [2][-]{subsection.7.6.1}{\376\377\0007\000.\0006\000.\0001\000\040\000D\000e\000t\000a\000i\000l\000e\000d\000\040\000D\000e\000s\000c\000r\000i\000p\000t\000i\000o\000n}{section.7.6}% 86
\BOOKMARK [2][-]{subsection.7.6.2}{\376\377\0007\000.\0006\000.\0002\000\040\000M\000a\000c\000r\000o\000\040\000D\000e\000f\000i\000n\000i\000t\000i\000o\000n\000\040\000D\000o\000c\000u\000m\000e\000n\000t\000a\000t\000i\000o\000n}{section.7.6}% 87
\BOOKMARK [3][-]{subsubsection.7.6.2.1}{\376\377\0007\000.\0006\000.\0002\000.\0001\000\040\000S\000I\000G\000N\000A\000L\000S\000\137\000M\000A\000X\000I\000M\000U\000M\000\137\000N\000A\000M\000E\000\137\000L\000E\000N\000G\000T\000H}{subsection.7.6.2}% 88
\BOOKMARK [3][-]{subsubsection.7.6.2.2}{\376\377\0007\000.\0006\000.\0002\000.\0002\000\040\000S\000I\000G\000N\000A\000L\000S\000\137\000S\000T\000R\000I\000N\000G\000\137\000M\000A\000X\000I\000M\000U\000M\000\137\000L\000E\000N\000G\000T\000H}{subsection.7.6.2}% 89
\BOOKMARK [2][-]{subsection.7.6.3}{\376\377\0007\000.\0006\000.\0003\000\040\000T\000y\000p\000e\000d\000e\000f\000\040\000D\000o\000c\000u\000m\000e\000n\000t\000a\000t\000i\000o\000n}{section.7.6}% 90
\BOOKMARK [3][-]{subsubsection.7.6.3.1}{\376\377\0007\000.\0006\000.\0003\000.\0001\000\040\000s\000i\000g\000n\000a\000l\000s\000\137\000s\000i\000g\000n\000a\000l}{subsection.7.6.3}% 91
\BOOKMARK [2][-]{subsection.7.6.4}{\376\377\0007\000.\0006\000.\0004\000\040\000E\000n\000u\000m\000e\000r\000a\000t\000i\000o\000n\000\040\000T\000y\000p\000e\000\040\000D\000o\000c\000u\000m\000e\000n\000t\000a\000t\000i\000o\000n}{section.7.6}% 92
\BOOKMARK [3][-]{subsubsection.7.6.4.1}{\376\377\0007\000.\0006\000.\0004\000.\0001\000\040\000s\000i\000g\000n\000a\000l\000s\000\137\000d\000a\000t\000a\000\137\000t\000y\000p\000e}{subsection.7.6.4}% 93
\BOOKMARK [3][-]{subsubsection.7.6.4.2}{\376\377\0007\000.\0006\000.\0004\000.\0002\000\040\000s\000i\000g\000n\000a\000l\000s\000\137\000r\000e\000s\000u\000l\000t}{subsection.7.6.4}% 94
\BOOKMARK [3][-]{subsubsection.7.6.4.3}{\376\377\0007\000.\0006\000.\0004\000.\0003\000\040\000s\000i\000g\000n\000a\000l\000s\000\137\000s\000i\000g\000n\000a\000l\000\137\000t\000y\000p\000e}{subsection.7.6.4}% 95
\BOOKMARK [2][-]{subsection.7.6.5}{\376\377\0007\000.\0006\000.\0005\000\040\000F\000u\000n\000c\000t\000i\000o\000n\000\040\000D\000o\000c\000u\000m\000e\000n\000t\000a\000t\000i\000o\000n}{section.7.6}% 96
\BOOKMARK [3][-]{subsubsection.7.6.5.1}{\376\377\0007\000.\0006\000.\0005\000.\0001\000\040\000s\000i\000g\000n\000a\000l\000s\000\137\000c\000o\000m\000p\000a\000r\000e\000\137\000n\000a\000m\000e\000s\000\050\000\051}{subsection.7.6.5}% 97
\BOOKMARK [3][-]{subsubsection.7.6.5.2}{\376\377\0007\000.\0006\000.\0005\000.\0002\000\040\000s\000i\000g\000n\000a\000l\000s\000\137\000f\000i\000n\000d\000\137\000d\000a\000t\000a\000\050\000\051}{subsection.7.6.5}% 98
\BOOKMARK [3][-]{subsubsection.7.6.5.3}{\376\377\0007\000.\0006\000.\0005\000.\0003\000\040\000s\000i\000g\000n\000a\000l\000s\000\137\000f\000i\000n\000d\000\137\000d\000i\000s\000p\000l\000a\000y\000\137\000s\000i\000g\000n\000a\000l\000\050\000\051}{subsection.7.6.5}% 99
\BOOKMARK [3][-]{subsubsection.7.6.5.4}{\376\377\0007\000.\0006\000.\0005\000.\0004\000\040\000s\000i\000g\000n\000a\000l\000s\000\137\000f\000i\000n\000d\000\137\000s\000i\000g\000n\000a\000l\000\050\000\051}{subsection.7.6.5}% 100
\BOOKMARK [3][-]{subsubsection.7.6.5.5}{\376\377\0007\000.\0006\000.\0005\000.\0005\000\040\000S\000I\000G\000N\000A\000L\000S\000\137\000I\000n\000t\000e\000r\000p\000r\000e\000t\000\050\000\051}{subsection.7.6.5}% 101
\BOOKMARK [1][-]{section.7.7}{\376\377\0007\000.\0007\000\040\000U\000A\000R\000T}{chapter.7}% 102
\BOOKMARK [2][-]{subsection.7.7.1}{\376\377\0007\000.\0007\000.\0001\000\040\000D\000e\000t\000a\000i\000l\000e\000d\000\040\000D\000e\000s\000c\000r\000i\000p\000t\000i\000o\000n}{section.7.7}% 103
\BOOKMARK [2][-]{subsection.7.7.2}{\376\377\0007\000.\0007\000.\0002\000\040\000F\000u\000n\000c\000t\000i\000o\000n\000\040\000D\000o\000c\000u\000m\000e\000n\000t\000a\000t\000i\000o\000n}{section.7.7}% 104
\BOOKMARK [3][-]{subsubsection.7.7.2.1}{\376\377\0007\000.\0007\000.\0002\000.\0001\000\040\000U\000A\000R\000T\000\137\000R\000e\000a\000d\000A\000v\000a\000i\000l\000a\000b\000l\000e\000\050\000\051}{subsection.7.7.2}% 105
\BOOKMARK [3][-]{subsubsection.7.7.2.2}{\376\377\0007\000.\0007\000.\0002\000.\0002\000\040\000U\000A\000R\000T\000\137\000R\000e\000a\000d\000B\000y\000t\000e\000\050\000\051}{subsection.7.7.2}% 106
\BOOKMARK [3][-]{subsubsection.7.7.2.3}{\376\377\0007\000.\0007\000.\0002\000.\0003\000\040\000U\000A\000R\000T\000\137\000W\000r\000i\000t\000e\000A\000v\000a\000i\000l\000a\000b\000l\000e\000\050\000\051}{subsection.7.7.2}% 107
\BOOKMARK [3][-]{subsubsection.7.7.2.4}{\376\377\0007\000.\0007\000.\0002\000.\0004\000\040\000U\000A\000R\000T\000\137\000W\000r\000i\000t\000e\000B\000y\000t\000e\000\050\000\051}{subsection.7.7.2}% 108
\BOOKMARK [0][-]{chapter.8}{\376\377\0008\000\040\000D\000a\000t\000a\000\040\000S\000t\000r\000u\000c\000t\000u\000r\000e\000\040\000D\000o\000c\000u\000m\000e\000n\000t\000a\000t\000i\000o\000n}{}% 109
\BOOKMARK [1][-]{section.8.1}{\376\377\0008\000.\0001\000\040\000c\000a\000n\000c\000o\000m\000m\000\137\000i\000n\000t\000e\000r\000f\000a\000c\000e\000\040\000S\000t\000r\000u\000c\000t\000\040\000R\000e\000f\000e\000r\000e\000n\000c\000e}{chapter.8}% 110
\BOOKMARK [2][-]{subsection.8.1.1}{\376\377\0008\000.\0001\000.\0001\000\040\000D\000e\000t\000a\000i\000l\000e\000d\000\040\000D\000e\000s\000c\000r\000i\000p\000t\000i\000o\000n}{section.8.1}% 111
\BOOKMARK [2][-]{subsection.8.1.2}{\376\377\0008\000.\0001\000.\0002\000\040\000F\000i\000e\000l\000d\000\040\000D\000o\000c\000u\000m\000e\000n\000t\000a\000t\000i\000o\000n}{section.8.1}% 112
\BOOKMARK [3][-]{subsubsection.8.1.2.1}{\376\377\0008\000.\0001\000.\0002\000.\0001\000\040\000M\000e\000s\000s\000a\000g\000e\000R\000e\000c\000e\000i\000v\000e}{subsection.8.1.2}% 113
\BOOKMARK [3][-]{subsubsection.8.1.2.2}{\376\377\0008\000.\0001\000.\0002\000.\0002\000\040\000M\000e\000s\000s\000a\000g\000e\000T\000r\000a\000n\000s\000m\000i\000t}{subsection.8.1.2}% 114
\BOOKMARK [3][-]{subsubsection.8.1.2.3}{\376\377\0008\000.\0001\000.\0002\000.\0003\000\040\000n\000u\000m\000b\000e\000r}{subsection.8.1.2}% 115
\BOOKMARK [3][-]{subsubsection.8.1.2.4}{\376\377\0008\000.\0001\000.\0002\000.\0004\000\040\000r\000e\000c\000e\000i\000v\000e\000F\000i\000f\000o}{subsection.8.1.2}% 116
\BOOKMARK [3][-]{subsubsection.8.1.2.5}{\376\377\0008\000.\0001\000.\0002\000.\0005\000\040\000t\000r\000a\000n\000s\000m\000i\000t\000F\000i\000f\000o}{subsection.8.1.2}% 117
\BOOKMARK [1][-]{section.8.2}{\376\377\0008\000.\0002\000\040\000c\000a\000n\000c\000o\000m\000m\000\137\000m\000e\000s\000s\000a\000g\000e\000\040\000S\000t\000r\000u\000c\000t\000\040\000R\000e\000f\000e\000r\000e\000n\000c\000e}{chapter.8}% 118
\BOOKMARK [2][-]{subsection.8.2.1}{\376\377\0008\000.\0002\000.\0001\000\040\000D\000e\000t\000a\000i\000l\000e\000d\000\040\000D\000e\000s\000c\000r\000i\000p\000t\000i\000o\000n}{section.8.2}% 119
\BOOKMARK [2][-]{subsection.8.2.2}{\376\377\0008\000.\0002\000.\0002\000\040\000F\000i\000e\000l\000d\000\040\000D\000o\000c\000u\000m\000e\000n\000t\000a\000t\000i\000o\000n}{section.8.2}% 120
\BOOKMARK [3][-]{subsubsection.8.2.2.1}{\376\377\0008\000.\0002\000.\0002\000.\0001\000\040\000d\000a\000t\000a}{subsection.8.2.2}% 121
\BOOKMARK [3][-]{subsubsection.8.2.2.2}{\376\377\0008\000.\0002\000.\0002\000.\0002\000\040\000f\000r\000i\000e\000n\000d\000l\000y\000\137\000n\000a\000m\000e}{subsection.8.2.2}% 122
\BOOKMARK [3][-]{subsubsection.8.2.2.3}{\376\377\0008\000.\0002\000.\0002\000.\0003\000\040\000i\000d}{subsection.8.2.2}% 123
\BOOKMARK [3][-]{subsubsection.8.2.2.4}{\376\377\0008\000.\0002\000.\0002\000.\0004\000\040\000i\000n\000t\000e\000r\000f\000a\000c\000e\000\137\000n\000u\000m\000b\000e\000r}{subsection.8.2.2}% 124
\BOOKMARK [3][-]{subsubsection.8.2.2.5}{\376\377\0008\000.\0002\000.\0002\000.\0005\000\040\000l\000e\000n\000g\000t\000h}{subsection.8.2.2}% 125
\BOOKMARK [3][-]{subsubsection.8.2.2.6}{\376\377\0008\000.\0002\000.\0002\000.\0006\000\040\000t\000i\000m\000e\000s\000t\000a\000m\000p}{subsection.8.2.2}% 126
\BOOKMARK [1][-]{section.8.3}{\376\377\0008\000.\0003\000\040\000S\000H\000O\000R\000T\000P\000R\000O\000T\000O\000C\000O\000L\000\137\000I\000n\000s\000t\000a\000n\000c\000e\000\040\000S\000t\000r\000u\000c\000t\000\040\000R\000e\000f\000e\000r\000e\000n\000c\000e}{chapter.8}% 127
\BOOKMARK [2][-]{subsection.8.3.1}{\376\377\0008\000.\0003\000.\0001\000\040\000D\000e\000t\000a\000i\000l\000e\000d\000\040\000D\000e\000s\000c\000r\000i\000p\000t\000i\000o\000n}{section.8.3}% 128
\BOOKMARK [2][-]{subsection.8.3.2}{\376\377\0008\000.\0003\000.\0002\000\040\000F\000i\000e\000l\000d\000\040\000D\000o\000c\000u\000m\000e\000n\000t\000a\000t\000i\000o\000n}{section.8.3}% 129
\BOOKMARK [3][-]{subsubsection.8.3.2.1}{\376\377\0008\000.\0003\000.\0002\000.\0001\000\040\000c\000o\000m\000m\000a\000n\000d\000\137\000b\000u\000f\000f\000e\000r}{subsection.8.3.2}% 130
\BOOKMARK [3][-]{subsubsection.8.3.2.2}{\376\377\0008\000.\0003\000.\0002\000.\0002\000\040\000m\000a\000x\000i\000m\000u\000m\000P\000a\000c\000k\000a\000g\000e\000L\000e\000n\000g\000t\000h}{subsection.8.3.2}% 131
\BOOKMARK [3][-]{subsubsection.8.3.2.3}{\376\377\0008\000.\0003\000.\0002\000.\0003\000\040\000n\000e\000w\000C\000o\000m\000m\000a\000n\000d}{subsection.8.3.2}% 132
\BOOKMARK [3][-]{subsubsection.8.3.2.4}{\376\377\0008\000.\0003\000.\0002\000.\0004\000\040\000r\000e\000a\000d\000A\000v\000a\000i\000l\000a\000b\000l\000e}{subsection.8.3.2}% 133
\BOOKMARK [3][-]{subsubsection.8.3.2.5}{\376\377\0008\000.\0003\000.\0002\000.\0005\000\040\000r\000e\000a\000d\000B\000y\000t\000e}{subsection.8.3.2}% 134
\BOOKMARK [3][-]{subsubsection.8.3.2.6}{\376\377\0008\000.\0003\000.\0002\000.\0006\000\040\000w\000r\000i\000t\000e\000A\000v\000a\000i\000l\000a\000b\000l\000e}{subsection.8.3.2}% 135
\BOOKMARK [3][-]{subsubsection.8.3.2.7}{\376\377\0008\000.\0003\000.\0002\000.\0007\000\040\000w\000r\000i\000t\000e\000B\000y\000t\000e}{subsection.8.3.2}% 136
\BOOKMARK [3][-]{subsubsection.8.3.2.8}{\376\377\0008\000.\0003\000.\0002\000.\0008\000\040\000w\000r\000i\000t\000e\000C\000o\000u\000n\000t\000e\000r}{subsection.8.3.2}% 137
\BOOKMARK [1][-]{section.8.4}{\376\377\0008\000.\0004\000\040\000S\000H\000O\000R\000T\000P\000R\000O\000T\000O\000C\000O\000L\000\137\000s\000t\000r\000i\000n\000g\000\040\000S\000t\000r\000u\000c\000t\000\040\000R\000e\000f\000e\000r\000e\000n\000c\000e}{chapter.8}% 138
\BOOKMARK [2][-]{subsection.8.4.1}{\376\377\0008\000.\0004\000.\0001\000\040\000D\000e\000t\000a\000i\000l\000e\000d\000\040\000D\000e\000s\000c\000r\000i\000p\000t\000i\000o\000n}{section.8.4}% 139
\BOOKMARK [2][-]{subsection.8.4.2}{\376\377\0008\000.\0004\000.\0002\000\040\000F\000i\000e\000l\000d\000\040\000D\000o\000c\000u\000m\000e\000n\000t\000a\000t\000i\000o\000n}{section.8.4}% 140
\BOOKMARK [3][-]{subsubsection.8.4.2.1}{\376\377\0008\000.\0004\000.\0002\000.\0001\000\040\000d\000a\000t\000a}{subsection.8.4.2}% 141
\BOOKMARK [3][-]{subsubsection.8.4.2.2}{\376\377\0008\000.\0004\000.\0002\000.\0002\000\040\000l\000e\000n\000g\000t\000h}{subsection.8.4.2}% 142
\BOOKMARK [1][-]{section.8.5}{\376\377\0008\000.\0005\000\040\000s\000i\000g\000n\000a\000l\000s\000\137\000s\000i\000g\000n\000a\000l\000\137\000s\000t\000r\000u\000c\000t\000\040\000S\000t\000r\000u\000c\000t\000\040\000R\000e\000f\000e\000r\000e\000n\000c\000e}{chapter.8}% 143
\BOOKMARK [2][-]{subsection.8.5.1}{\376\377\0008\000.\0005\000.\0001\000\040\000D\000e\000t\000a\000i\000l\000e\000d\000\040\000D\000e\000s\000c\000r\000i\000p\000t\000i\000o\000n}{section.8.5}% 144
\BOOKMARK [2][-]{subsection.8.5.2}{\376\377\0008\000.\0005\000.\0002\000\040\000F\000i\000e\000l\000d\000\040\000D\000o\000c\000u\000m\000e\000n\000t\000a\000t\000i\000o\000n}{section.8.5}% 145
\BOOKMARK [3][-]{subsubsection.8.5.2.1}{\376\377\0008\000.\0005\000.\0002\000.\0001\000\040\000c\000a\000n\000\137\000c\000o\000n\000v\000e\000r\000t\000\137\000f\000l\000o\000a\000t}{subsection.8.5.2}% 146
\BOOKMARK [3][-]{subsubsection.8.5.2.2}{\376\377\0008\000.\0005\000.\0002\000.\0002\000\040\000c\000a\000n\000\137\000c\000o\000n\000v\000e\000r\000t\000\137\000s\000t\000r\000i\000n\000g}{subsection.8.5.2}% 147
\BOOKMARK [3][-]{subsubsection.8.5.2.3}{\376\377\0008\000.\0005\000.\0002\000.\0003\000\040\000c\000a\000n\000\137\000c\000o\000n\000v\000e\000r\000t\000\137\000u\000i\000n\000t\0003\0002\000\137\000t}{subsection.8.5.2}% 148
\BOOKMARK [3][-]{subsubsection.8.5.2.4}{\376\377\0008\000.\0005\000.\0002\000.\0004\000\040\000d\000a\000t\000a\000\137\000t\000y\000p\000e}{subsection.8.5.2}% 149
\BOOKMARK [3][-]{subsubsection.8.5.2.5}{\376\377\0008\000.\0005\000.\0002\000.\0005\000\040\000f\000r\000i\000e\000n\000d\000l\000y\000\137\000n\000a\000m\000e}{subsection.8.5.2}% 150
\BOOKMARK [3][-]{subsubsection.8.5.2.6}{\376\377\0008\000.\0005\000.\0002\000.\0006\000\040\000i\000d}{subsection.8.5.2}% 151
\BOOKMARK [3][-]{subsubsection.8.5.2.7}{\376\377\0008\000.\0005\000.\0002\000.\0007\000\040\000i\000n\000t\000e\000r\000f\000a\000c\000e\000\137\000n\000u\000m\000b\000e\000r}{subsection.8.5.2}% 152
\BOOKMARK [3][-]{subsubsection.8.5.2.8}{\376\377\0008\000.\0005\000.\0002\000.\0008\000\040\000i\000n\000t\000e\000r\000n\000a\000l\000\137\000c\000o\000n\000v\000e\000r\000t\000\137\000f\000l\000o\000a\000t}{subsection.8.5.2}% 153
\BOOKMARK [3][-]{subsubsection.8.5.2.9}{\376\377\0008\000.\0005\000.\0002\000.\0009\000\040\000i\000n\000t\000e\000r\000n\000a\000l\000\137\000c\000o\000n\000v\000e\000r\000t\000\137\000s\000t\000r\000i\000n\000g}{subsection.8.5.2}% 154
\BOOKMARK [3][-]{subsubsection.8.5.2.10}{\376\377\0008\000.\0005\000.\0002\000.\0001\0000\000\040\000i\000n\000t\000e\000r\000n\000a\000l\000\137\000c\000o\000n\000v\000e\000r\000t\000\137\000u\000i\000n\000t\0003\0002\000\137\000t}{subsection.8.5.2}% 155
\BOOKMARK [3][-]{subsubsection.8.5.2.11}{\376\377\0008\000.\0005\000.\0002\000.\0001\0001\000\040\000t\000i\000m\000e\000s\000t\000a\000m\000p}{subsection.8.5.2}% 156
\BOOKMARK [3][-]{subsubsection.8.5.2.12}{\376\377\0008\000.\0005\000.\0002\000.\0001\0002\000\040\000t\000y\000p\000e}{subsection.8.5.2}% 157
\BOOKMARK [3][-]{subsubsection.8.5.2.13}{\376\377\0008\000.\0005\000.\0002\000.\0001\0003\000\040\000v\000a\000l\000u\000e\000\137\000f\000l\000o\000a\000t}{subsection.8.5.2}% 158
\BOOKMARK [3][-]{subsubsection.8.5.2.14}{\376\377\0008\000.\0005\000.\0002\000.\0001\0004\000\040\000v\000a\000l\000u\000e\000\137\000s\000t\000r\000i\000n\000g}{subsection.8.5.2}% 159
\BOOKMARK [3][-]{subsubsection.8.5.2.15}{\376\377\0008\000.\0005\000.\0002\000.\0001\0005\000\040\000v\000a\000l\000u\000e\000\137\000u\000i\000n\000t\0003\0002\000\137\000t}{subsection.8.5.2}% 160
\BOOKMARK [1][-]{section.8.6}{\376\377\0008\000.\0006\000\040\000S\000I\000G\000N\000A\000L\000S\000\137\000s\000t\000r\000i\000n\000g\000\040\000S\000t\000r\000u\000c\000t\000\040\000R\000e\000f\000e\000r\000e\000n\000c\000e}{chapter.8}% 161
\BOOKMARK [2][-]{subsection.8.6.1}{\376\377\0008\000.\0006\000.\0001\000\040\000D\000e\000t\000a\000i\000l\000e\000d\000\040\000D\000e\000s\000c\000r\000i\000p\000t\000i\000o\000n}{section.8.6}% 162
\BOOKMARK [2][-]{subsection.8.6.2}{\376\377\0008\000.\0006\000.\0002\000\040\000F\000i\000e\000l\000d\000\040\000D\000o\000c\000u\000m\000e\000n\000t\000a\000t\000i\000o\000n}{section.8.6}% 163
\BOOKMARK [3][-]{subsubsection.8.6.2.1}{\376\377\0008\000.\0006\000.\0002\000.\0001\000\040\000d\000a\000t\000a}{subsection.8.6.2}% 164
\BOOKMARK [3][-]{subsubsection.8.6.2.2}{\376\377\0008\000.\0006\000.\0002\000.\0002\000\040\000l\000e\000n\000g\000t\000h}{subsection.8.6.2}% 165
\BOOKMARK [0][-]{chapter.9}{\376\377\0009\000\040\000F\000i\000l\000e\000\040\000D\000o\000c\000u\000m\000e\000n\000t\000a\000t\000i\000o\000n}{}% 166
\BOOKMARK [1][-]{section.9.1}{\376\377\0009\000.\0001\000\040\000c\000a\000n\000c\000o\000m\000m\000.\000c\000\040\000F\000i\000l\000e\000\040\000R\000e\000f\000e\000r\000e\000n\000c\000e}{chapter.9}% 167
\BOOKMARK [2][-]{subsection.9.1.1}{\376\377\0009\000.\0001\000.\0001\000\040\000D\000e\000t\000a\000i\000l\000e\000d\000\040\000D\000e\000s\000c\000r\000i\000p\000t\000i\000o\000n}{section.9.1}% 168
\BOOKMARK [1][-]{section.9.2}{\376\377\0009\000.\0002\000\040\000c\000a\000n\000c\000o\000m\000m\000.\000c}{chapter.9}% 169
\BOOKMARK [1][-]{section.9.3}{\376\377\0009\000.\0003\000\040\000c\000a\000n\000c\000o\000m\000m\000.\000h\000\040\000F\000i\000l\000e\000\040\000R\000e\000f\000e\000r\000e\000n\000c\000e}{chapter.9}% 170
\BOOKMARK [2][-]{subsection.9.3.1}{\376\377\0009\000.\0003\000.\0001\000\040\000D\000e\000t\000a\000i\000l\000e\000d\000\040\000D\000e\000s\000c\000r\000i\000p\000t\000i\000o\000n}{section.9.3}% 171
\BOOKMARK [1][-]{section.9.4}{\376\377\0009\000.\0004\000\040\000c\000a\000n\000c\000o\000m\000m\000.\000h}{chapter.9}% 172
\BOOKMARK [1][-]{section.9.5}{\376\377\0009\000.\0005\000\040\000c\000o\000m\000m\000a\000n\000d\000.\000c\000\040\000F\000i\000l\000e\000\040\000R\000e\000f\000e\000r\000e\000n\000c\000e}{chapter.9}% 173
\BOOKMARK [2][-]{subsection.9.5.1}{\376\377\0009\000.\0005\000.\0001\000\040\000D\000e\000t\000a\000i\000l\000e\000d\000\040\000D\000e\000s\000c\000r\000i\000p\000t\000i\000o\000n}{section.9.5}% 174
\BOOKMARK [1][-]{section.9.6}{\376\377\0009\000.\0006\000\040\000c\000o\000m\000m\000a\000n\000d\000.\000c}{chapter.9}% 175
\BOOKMARK [1][-]{section.9.7}{\376\377\0009\000.\0007\000\040\000c\000o\000m\000m\000a\000n\000d\000.\000h\000\040\000F\000i\000l\000e\000\040\000R\000e\000f\000e\000r\000e\000n\000c\000e}{chapter.9}% 176
\BOOKMARK [2][-]{subsection.9.7.1}{\376\377\0009\000.\0007\000.\0001\000\040\000D\000e\000t\000a\000i\000l\000e\000d\000\040\000D\000e\000s\000c\000r\000i\000p\000t\000i\000o\000n}{section.9.7}% 177
\BOOKMARK [1][-]{section.9.8}{\376\377\0009\000.\0008\000\040\000c\000o\000m\000m\000a\000n\000d\000.\000h}{chapter.9}% 178
\BOOKMARK [1][-]{section.9.9}{\376\377\0009\000.\0009\000\040\000c\000o\000n\000v\000.\000c\000\040\000F\000i\000l\000e\000\040\000R\000e\000f\000e\000r\000e\000n\000c\000e}{chapter.9}% 179
\BOOKMARK [2][-]{subsection.9.9.1}{\376\377\0009\000.\0009\000.\0001\000\040\000D\000e\000t\000a\000i\000l\000e\000d\000\040\000D\000e\000s\000c\000r\000i\000p\000t\000i\000o\000n}{section.9.9}% 180
\BOOKMARK [1][-]{section.9.10}{\376\377\0009\000.\0001\0000\000\040\000c\000o\000n\000v\000.\000c}{chapter.9}% 181
\BOOKMARK [1][-]{section.9.11}{\376\377\0009\000.\0001\0001\000\040\000c\000o\000n\000v\000.\000h\000\040\000F\000i\000l\000e\000\040\000R\000e\000f\000e\000r\000e\000n\000c\000e}{chapter.9}% 182
\BOOKMARK [2][-]{subsection.9.11.1}{\376\377\0009\000.\0001\0001\000.\0001\000\040\000D\000e\000t\000a\000i\000l\000e\000d\000\040\000D\000e\000s\000c\000r\000i\000p\000t\000i\000o\000n}{section.9.11}% 183
\BOOKMARK [1][-]{section.9.12}{\376\377\0009\000.\0001\0002\000\040\000c\000o\000n\000v\000.\000h}{chapter.9}% 184
\BOOKMARK [1][-]{section.9.13}{\376\377\0009\000.\0001\0003\000\040\000c\000r\000c\000.\000c\000\040\000F\000i\000l\000e\000\040\000R\000e\000f\000e\000r\000e\000n\000c\000e}{chapter.9}% 185
\BOOKMARK [2][-]{subsection.9.13.1}{\376\377\0009\000.\0001\0003\000.\0001\000\040\000D\000e\000t\000a\000i\000l\000e\000d\000\040\000D\000e\000s\000c\000r\000i\000p\000t\000i\000o\000n}{section.9.13}% 186
\BOOKMARK [2][-]{subsection.9.13.2}{\376\377\0009\000.\0001\0003\000.\0002\000\040\000F\000u\000n\000c\000t\000i\000o\000n\000\040\000D\000o\000c\000u\000m\000e\000n\000t\000a\000t\000i\000o\000n}{section.9.13}% 187
\BOOKMARK [3][-]{subsubsection.9.13.2.1}{\376\377\0009\000.\0001\0003\000.\0002\000.\0001\000\040\000C\000R\000C\000\137\000C\000a\000l\000c\000u\000l\000a\000t\000e\000\050\000\051}{subsection.9.13.2}% 188
\BOOKMARK [3][-]{subsubsection.9.13.2.2}{\376\377\0009\000.\0001\0003\000.\0002\000.\0002\000\040\000c\000r\000c\000\137\000u\000p\000d\000a\000t\000e\000\050\000\051}{subsection.9.13.2}% 189
\BOOKMARK [1][-]{section.9.14}{\376\377\0009\000.\0001\0004\000\040\000c\000r\000c\000.\000c}{chapter.9}% 190
\BOOKMARK [1][-]{section.9.15}{\376\377\0009\000.\0001\0005\000\040\000c\000r\000c\000.\000h\000\040\000F\000i\000l\000e\000\040\000R\000e\000f\000e\000r\000e\000n\000c\000e}{chapter.9}% 191
\BOOKMARK [2][-]{subsection.9.15.1}{\376\377\0009\000.\0001\0005\000.\0001\000\040\000D\000e\000t\000a\000i\000l\000e\000d\000\040\000D\000e\000s\000c\000r\000i\000p\000t\000i\000o\000n}{section.9.15}% 192
\BOOKMARK [2][-]{subsection.9.15.2}{\376\377\0009\000.\0001\0005\000.\0002\000\040\000M\000a\000c\000r\000o\000\040\000D\000e\000f\000i\000n\000i\000t\000i\000o\000n\000\040\000D\000o\000c\000u\000m\000e\000n\000t\000a\000t\000i\000o\000n}{section.9.15}% 193
\BOOKMARK [3][-]{subsubsection.9.15.2.1}{\376\377\0009\000.\0001\0005\000.\0002\000.\0001\000\040\000C\000R\000C\000\137\000A\000L\000G\000O\000\137\000T\000A\000B\000L\000E\000\137\000D\000R\000I\000V\000E\000N}{subsection.9.15.2}% 194
\BOOKMARK [2][-]{subsection.9.15.3}{\376\377\0009\000.\0001\0005\000.\0003\000\040\000T\000y\000p\000e\000d\000e\000f\000\040\000D\000o\000c\000u\000m\000e\000n\000t\000a\000t\000i\000o\000n}{section.9.15}% 195
\BOOKMARK [3][-]{subsubsection.9.15.3.1}{\376\377\0009\000.\0001\0005\000.\0003\000.\0001\000\040\000c\000r\000c\000\137\000t}{subsection.9.15.3}% 196
\BOOKMARK [2][-]{subsection.9.15.4}{\376\377\0009\000.\0001\0005\000.\0004\000\040\000F\000u\000n\000c\000t\000i\000o\000n\000\040\000D\000o\000c\000u\000m\000e\000n\000t\000a\000t\000i\000o\000n}{section.9.15}% 197
\BOOKMARK [3][-]{subsubsection.9.15.4.1}{\376\377\0009\000.\0001\0005\000.\0004\000.\0001\000\040\000C\000R\000C\000\137\000C\000a\000l\000c\000u\000l\000a\000t\000e\000\050\000\051}{subsection.9.15.4}% 198
\BOOKMARK [3][-]{subsubsection.9.15.4.2}{\376\377\0009\000.\0001\0005\000.\0004\000.\0002\000\040\000c\000r\000c\000\137\000u\000p\000d\000a\000t\000e\000\050\000\051}{subsection.9.15.4}% 199
\BOOKMARK [1][-]{section.9.16}{\376\377\0009\000.\0001\0006\000\040\000c\000r\000c\000.\000h}{chapter.9}% 200
\BOOKMARK [1][-]{section.9.17}{\376\377\0009\000.\0001\0007\000\040\000d\000e\000l\000a\000y\000.\000c}{chapter.9}% 201
\BOOKMARK [1][-]{section.9.18}{\376\377\0009\000.\0001\0008\000\040\000d\000e\000l\000a\000y\000.\000h\000\040\000F\000i\000l\000e\000\040\000R\000e\000f\000e\000r\000e\000n\000c\000e}{chapter.9}% 202
\BOOKMARK [2][-]{subsection.9.18.1}{\376\377\0009\000.\0001\0008\000.\0001\000\040\000D\000e\000t\000a\000i\000l\000e\000d\000\040\000D\000e\000s\000c\000r\000i\000p\000t\000i\000o\000n}{section.9.18}% 203
\BOOKMARK [1][-]{section.9.19}{\376\377\0009\000.\0001\0009\000\040\000d\000e\000l\000a\000y\000.\000h}{chapter.9}% 204
\BOOKMARK [1][-]{section.9.20}{\376\377\0009\000.\0002\0000\000\040\000m\000a\000i\000n\000.\000c\000\040\000F\000i\000l\000e\000\040\000R\000e\000f\000e\000r\000e\000n\000c\000e}{chapter.9}% 205
\BOOKMARK [2][-]{subsection.9.20.1}{\376\377\0009\000.\0002\0000\000.\0001\000\040\000D\000e\000t\000a\000i\000l\000e\000d\000\040\000D\000e\000s\000c\000r\000i\000p\000t\000i\000o\000n}{section.9.20}% 206
\BOOKMARK [2][-]{subsection.9.20.2}{\376\377\0009\000.\0002\0000\000.\0002\000\040\000F\000u\000n\000c\000t\000i\000o\000n\000\040\000D\000o\000c\000u\000m\000e\000n\000t\000a\000t\000i\000o\000n}{section.9.20}% 207
\BOOKMARK [3][-]{subsubsection.9.20.2.1}{\376\377\0009\000.\0002\0000\000.\0002\000.\0001\000\040\000m\000a\000i\000n\000\050\000\051}{subsection.9.20.2}% 208
\BOOKMARK [2][-]{subsection.9.20.3}{\376\377\0009\000.\0002\0000\000.\0003\000\040\000V\000a\000r\000i\000a\000b\000l\000e\000\040\000D\000o\000c\000u\000m\000e\000n\000t\000a\000t\000i\000o\000n}{section.9.20}% 209
\BOOKMARK [3][-]{subsubsection.9.20.3.1}{\376\377\0009\000.\0002\0000\000.\0003\000.\0001\000\040\000c\000u\000r\000r\000e\000n\000t\000\137\000c\000o\000m\000m\000a\000n\000d\000\137\000s\000i\000g\000n\000a\000l}{subsection.9.20.3}% 210
\BOOKMARK [3][-]{subsubsection.9.20.3.2}{\376\377\0009\000.\0002\0000\000.\0003\000.\0002\000\040\000i\000n\000t\000e\000r\000f\000a\000c\000e\000\137\000l\000i\000s\000t}{subsection.9.20.3}% 211
\BOOKMARK [3][-]{subsubsection.9.20.3.3}{\376\377\0009\000.\0002\0000\000.\0003\000.\0003\000\040\000i\000n\000t\000e\000r\000f\000a\000c\000e\000\137\000l\000i\000s\000t\000\137\000l\000e\000n}{subsection.9.20.3}% 212
\BOOKMARK [3][-]{subsubsection.9.20.3.4}{\376\377\0009\000.\0002\0000\000.\0003\000.\0004\000\040\000m\000e\000s\000s\000a\000g\000e\000\137\000l\000i\000s\000t}{subsection.9.20.3}% 213
\BOOKMARK [3][-]{subsubsection.9.20.3.5}{\376\377\0009\000.\0002\0000\000.\0003\000.\0005\000\040\000m\000e\000s\000s\000a\000g\000e\000\137\000l\000i\000s\000t\000\137\000l\000e\000n}{subsection.9.20.3}% 214
\BOOKMARK [3][-]{subsubsection.9.20.3.6}{\376\377\0009\000.\0002\0000\000.\0003\000.\0006\000\040\000s\000h\000o\000r\000t\000P\000r\000o\000t}{subsection.9.20.3}% 215
\BOOKMARK [3][-]{subsubsection.9.20.3.7}{\376\377\0009\000.\0002\0000\000.\0003\000.\0007\000\040\000s\000i\000g\000n\000a\000l\000\137\000l\000i\000s\000t}{subsection.9.20.3}% 216
\BOOKMARK [3][-]{subsubsection.9.20.3.8}{\376\377\0009\000.\0002\0000\000.\0003\000.\0008\000\040\000s\000i\000g\000n\000a\000l\000\137\000l\000i\000s\000t\000\137\000l\000e\000n}{subsection.9.20.3}% 217
\BOOKMARK [1][-]{section.9.21}{\376\377\0009\000.\0002\0001\000\040\000m\000a\000i\000n\000.\000c}{chapter.9}% 218
\BOOKMARK [1][-]{section.9.22}{\376\377\0009\000.\0002\0002\000\040\000s\000h\000o\000r\000t\000p\000r\000o\000t\000o\000c\000o\000l\000.\000c\000\040\000F\000i\000l\000e\000\040\000R\000e\000f\000e\000r\000e\000n\000c\000e}{chapter.9}% 219
\BOOKMARK [2][-]{subsection.9.22.1}{\376\377\0009\000.\0002\0002\000.\0001\000\040\000D\000e\000t\000a\000i\000l\000e\000d\000\040\000D\000e\000s\000c\000r\000i\000p\000t\000i\000o\000n}{section.9.22}% 220
\BOOKMARK [1][-]{section.9.23}{\376\377\0009\000.\0002\0003\000\040\000s\000h\000o\000r\000t\000p\000r\000o\000t\000o\000c\000o\000l\000.\000c}{chapter.9}% 221
\BOOKMARK [1][-]{section.9.24}{\376\377\0009\000.\0002\0004\000\040\000s\000h\000o\000r\000t\000p\000r\000o\000t\000o\000c\000o\000l\000.\000h\000\040\000F\000i\000l\000e\000\040\000R\000e\000f\000e\000r\000e\000n\000c\000e}{chapter.9}% 222
\BOOKMARK [2][-]{subsection.9.24.1}{\376\377\0009\000.\0002\0004\000.\0001\000\040\000D\000e\000t\000a\000i\000l\000e\000d\000\040\000D\000e\000s\000c\000r\000i\000p\000t\000i\000o\000n}{section.9.24}% 223
\BOOKMARK [1][-]{section.9.25}{\376\377\0009\000.\0002\0005\000\040\000s\000h\000o\000r\000t\000p\000r\000o\000t\000o\000c\000o\000l\000.\000h}{chapter.9}% 224
\BOOKMARK [1][-]{section.9.26}{\376\377\0009\000.\0002\0006\000\040\000s\000i\000g\000n\000a\000l\000s\000.\000c\000\040\000F\000i\000l\000e\000\040\000R\000e\000f\000e\000r\000e\000n\000c\000e}{chapter.9}% 225
\BOOKMARK [2][-]{subsection.9.26.1}{\376\377\0009\000.\0002\0006\000.\0001\000\040\000D\000e\000t\000a\000i\000l\000e\000d\000\040\000D\000e\000s\000c\000r\000i\000p\000t\000i\000o\000n}{section.9.26}% 226
\BOOKMARK [1][-]{section.9.27}{\376\377\0009\000.\0002\0007\000\040\000s\000i\000g\000n\000a\000l\000s\000.\000c}{chapter.9}% 227
\BOOKMARK [1][-]{section.9.28}{\376\377\0009\000.\0002\0008\000\040\000s\000i\000g\000n\000a\000l\000s\000.\000h\000\040\000F\000i\000l\000e\000\040\000R\000e\000f\000e\000r\000e\000n\000c\000e}{chapter.9}% 228
\BOOKMARK [2][-]{subsection.9.28.1}{\376\377\0009\000.\0002\0008\000.\0001\000\040\000D\000e\000t\000a\000i\000l\000e\000d\000\040\000D\000e\000s\000c\000r\000i\000p\000t\000i\000o\000n}{section.9.28}% 229
\BOOKMARK [1][-]{section.9.29}{\376\377\0009\000.\0002\0009\000\040\000s\000i\000g\000n\000a\000l\000s\000.\000h}{chapter.9}% 230
\BOOKMARK [1][-]{section.9.30}{\376\377\0009\000.\0003\0000\000\040\000u\000a\000r\000t\000.\000c\000\040\000F\000i\000l\000e\000\040\000R\000e\000f\000e\000r\000e\000n\000c\000e}{chapter.9}% 231
\BOOKMARK [2][-]{subsection.9.30.1}{\376\377\0009\000.\0003\0000\000.\0001\000\040\000D\000e\000t\000a\000i\000l\000e\000d\000\040\000D\000e\000s\000c\000r\000i\000p\000t\000i\000o\000n}{section.9.30}% 232
\BOOKMARK [1][-]{section.9.31}{\376\377\0009\000.\0003\0001\000\040\000u\000a\000r\000t\000.\000c}{chapter.9}% 233
\BOOKMARK [1][-]{section.9.32}{\376\377\0009\000.\0003\0002\000\040\000u\000a\000r\000t\000.\000h\000\040\000F\000i\000l\000e\000\040\000R\000e\000f\000e\000r\000e\000n\000c\000e}{chapter.9}% 234
\BOOKMARK [2][-]{subsection.9.32.1}{\376\377\0009\000.\0003\0002\000.\0001\000\040\000D\000e\000t\000a\000i\000l\000e\000d\000\040\000D\000e\000s\000c\000r\000i\000p\000t\000i\000o\000n}{section.9.32}% 235
\BOOKMARK [1][-]{section.9.33}{\376\377\0009\000.\0003\0003\000\040\000u\000a\000r\000t\000.\000h}{chapter.9}% 236
\BOOKMARK [0][-]{section*.60}{\376\377\000I\000n\000d\000e\000x}{}% 237
